<?xml version="1.0" encoding="UTF-8" ?>
<testsuite tests="10" failures="0" name="TestSuite" time="1.518" errors="0" skipped="0">
  <properties>
    <property name="java.runtime.name" value="Java(TM) SE Runtime Environment"/>
    <property name="sun.boot.library.path" value="/Library/Java/JavaVirtualMachines/jdk1.8.0_144.jdk/Contents/Home/jre/lib"/>
    <property name="java.vm.version" value="25.144-b01"/>
    <property name="gopherProxySet" value="false"/>
    <property name="java.vm.vendor" value="Oracle Corporation"/>
    <property name="java.vendor.url" value="http://java.oracle.com/"/>
    <property name="path.separator" value=":"/>
    <property name="java.vm.name" value="Java HotSpot(TM) 64-Bit Server VM"/>
    <property name="file.encoding.pkg" value="sun.io"/>
    <property name="user.country" value="CN"/>
    <property name="sun.java.launcher" value="SUN_STANDARD"/>
    <property name="sun.os.patch.level" value="unknown"/>
    <property name="java.vm.specification.name" value="Java Virtual Machine Specification"/>
    <property name="user.dir" value="/Library/api_autotest-master/target"/>
    <property name="java.runtime.version" value="1.8.0_144-b01"/>
    <property name="java.awt.graphicsenv" value="sun.awt.CGraphicsEnvironment"/>
    <property name="basedir" value="/Library/api_autotest-master"/>
    <property name="java.endorsed.dirs" value="/Library/Java/JavaVirtualMachines/jdk1.8.0_144.jdk/Contents/Home/jre/lib/endorsed"/>
    <property name="os.arch" value="x86_64"/>
    <property name="surefire.real.class.path" value="/var/folders/vs/hx2c32113953qyq53846lf580000gn/T/surefirebooter763160934657720302.jar"/>
    <property name="java.io.tmpdir" value="/var/folders/vs/hx2c32113953qyq53846lf580000gn/T/"/>
    <property name="line.separator" value="
"/>
    <property name="java.vm.specification.vendor" value="Oracle Corporation"/>
    <property name="os.name" value="Mac OS X"/>
    <property name="sun.jnu.encoding" value="UTF-8"/>
    <property name="java.library.path" value="/Users/mac/Library/Java/Extensions:/Library/Java/Extensions:/Network/Library/Java/Extensions:/System/Library/Java/Extensions:/usr/lib/java:."/>
    <property name="surefire.test.class.path" value="/Library/api_autotest-master/target/test-classes:/Library/api_autotest-master/target/classes:/Library/api_autotest-master/libs/reportng-1.1.9.jar:/Library/api_autotest-master/libs/velocity-1.7-dep.jar:/Users/mac/.m2/repository/com/google/inject/guice/3.0/guice-3.0.jar:/Users/mac/.m2/repository/javax/inject/javax.inject/1/javax.inject-1.jar:/Users/mac/.m2/repository/aopalliance/aopalliance/1.0/aopalliance-1.0.jar:/Users/mac/.m2/repository/com/aventstack/extentreports/3.0.3/extentreports-3.0.3.jar:/Users/mac/.m2/repository/org/freemarker/freemarker/2.3.23/freemarker-2.3.23.jar:/Users/mac/.m2/repository/org/mongodb/mongodb-driver/3.3.0/mongodb-driver-3.3.0.jar:/Users/mac/.m2/repository/org/mongodb/bson/3.3.0/bson-3.3.0.jar:/Users/mac/.m2/repository/org/mongodb/mongodb-driver-core/3.3.0/mongodb-driver-core-3.3.0.jar:/Users/mac/.m2/repository/org/jsoup/jsoup/1.9.2/jsoup-1.9.2.jar:/Users/mac/.m2/repository/org/testng/testng/6.8/testng-6.8.jar:/Users/mac/.m2/repository/junit/junit/4.10/junit-4.10.jar:/Users/mac/.m2/repository/org/hamcrest/hamcrest-core/1.1/hamcrest-core-1.1.jar:/Users/mac/.m2/repository/org/beanshell/bsh/2.0b4/bsh-2.0b4.jar:/Users/mac/.m2/repository/com/beust/jcommander/1.27/jcommander-1.27.jar:/Users/mac/.m2/repository/org/yaml/snakeyaml/1.6/snakeyaml-1.6.jar:/Users/mac/.m2/repository/org/apache/httpcomponents/httpclient/4.2/httpclient-4.2.jar:/Users/mac/.m2/repository/org/apache/httpcomponents/httpcore/4.2/httpcore-4.2.jar:/Users/mac/.m2/repository/commons-logging/commons-logging/1.1.1/commons-logging-1.1.1.jar:/Users/mac/.m2/repository/commons-codec/commons-codec/1.6/commons-codec-1.6.jar:/Users/mac/.m2/repository/com/thoughtworks/xstream/xstream/1.4.2/xstream-1.4.2.jar:/Users/mac/.m2/repository/xmlpull/xmlpull/1.1.3.1/xmlpull-1.1.3.1.jar:/Users/mac/.m2/repository/xpp3/xpp3_min/1.1.4c/xpp3_min-1.1.4c.jar:/Users/mac/.m2/repository/org/apache/httpcomponents/httpmime/4.2/httpmime-4.2.jar:/Users/mac/.m2/repository/dom4j/dom4j/1.6.1/dom4j-1.6.1.jar:/Users/mac/.m2/repository/xml-apis/xml-apis/1.0.b2/xml-apis-1.0.b2.jar:/Users/mac/.m2/repository/org/apache/poi/poi-ooxml/3.16/poi-ooxml-3.16.jar:/Users/mac/.m2/repository/org/apache/poi/poi/3.16/poi-3.16.jar:/Users/mac/.m2/repository/org/apache/commons/commons-collections4/4.1/commons-collections4-4.1.jar:/Users/mac/.m2/repository/org/apache/poi/poi-ooxml-schemas/3.16/poi-ooxml-schemas-3.16.jar:/Users/mac/.m2/repository/org/apache/xmlbeans/xmlbeans/2.6.0/xmlbeans-2.6.0.jar:/Users/mac/.m2/repository/stax/stax-api/1.0.1/stax-api-1.0.1.jar:/Users/mac/.m2/repository/com/github/virtuald/curvesapi/1.04/curvesapi-1.04.jar:/Users/mac/.m2/repository/com/alibaba/fastjson/1.2.13/fastjson-1.2.13.jar:/Users/mac/.m2/repository/org/mybatis/mybatis/3.1.1/mybatis-3.1.1.jar:/Users/mac/.m2/repository/mysql/mysql-connector-java/5.1.9/mysql-connector-java-5.1.9.jar:"/>
    <property name="java.specification.name" value="Java Platform API Specification"/>
    <property name="java.class.version" value="52.0"/>
    <property name="sun.management.compiler" value="HotSpot 64-Bit Tiered Compilers"/>
    <property name="os.version" value="10.12.6"/>
    <property name="http.nonProxyHosts" value="local|*.local|169.254/16|*.169.254/16"/>
    <property name="user.home" value="/Users/mac"/>
    <property name="user.timezone" value="Asia/Shanghai"/>
    <property name="java.awt.printerjob" value="sun.lwawt.macosx.CPrinterJob"/>
    <property name="java.specification.version" value="1.8"/>
    <property name="file.encoding" value="UTF-8"/>
    <property name="user.name" value="mac"/>
    <property name="java.class.path" value="/Library/api_autotest-master/target/test-classes:/Library/api_autotest-master/target/classes:/Library/api_autotest-master/libs/reportng-1.1.9.jar:/Library/api_autotest-master/libs/velocity-1.7-dep.jar:/Users/mac/.m2/repository/com/google/inject/guice/3.0/guice-3.0.jar:/Users/mac/.m2/repository/javax/inject/javax.inject/1/javax.inject-1.jar:/Users/mac/.m2/repository/aopalliance/aopalliance/1.0/aopalliance-1.0.jar:/Users/mac/.m2/repository/com/aventstack/extentreports/3.0.3/extentreports-3.0.3.jar:/Users/mac/.m2/repository/org/freemarker/freemarker/2.3.23/freemarker-2.3.23.jar:/Users/mac/.m2/repository/org/mongodb/mongodb-driver/3.3.0/mongodb-driver-3.3.0.jar:/Users/mac/.m2/repository/org/mongodb/bson/3.3.0/bson-3.3.0.jar:/Users/mac/.m2/repository/org/mongodb/mongodb-driver-core/3.3.0/mongodb-driver-core-3.3.0.jar:/Users/mac/.m2/repository/org/jsoup/jsoup/1.9.2/jsoup-1.9.2.jar:/Users/mac/.m2/repository/org/testng/testng/6.8/testng-6.8.jar:/Users/mac/.m2/repository/junit/junit/4.10/junit-4.10.jar:/Users/mac/.m2/repository/org/hamcrest/hamcrest-core/1.1/hamcrest-core-1.1.jar:/Users/mac/.m2/repository/org/beanshell/bsh/2.0b4/bsh-2.0b4.jar:/Users/mac/.m2/repository/com/beust/jcommander/1.27/jcommander-1.27.jar:/Users/mac/.m2/repository/org/yaml/snakeyaml/1.6/snakeyaml-1.6.jar:/Users/mac/.m2/repository/org/apache/httpcomponents/httpclient/4.2/httpclient-4.2.jar:/Users/mac/.m2/repository/org/apache/httpcomponents/httpcore/4.2/httpcore-4.2.jar:/Users/mac/.m2/repository/commons-logging/commons-logging/1.1.1/commons-logging-1.1.1.jar:/Users/mac/.m2/repository/commons-codec/commons-codec/1.6/commons-codec-1.6.jar:/Users/mac/.m2/repository/com/thoughtworks/xstream/xstream/1.4.2/xstream-1.4.2.jar:/Users/mac/.m2/repository/xmlpull/xmlpull/1.1.3.1/xmlpull-1.1.3.1.jar:/Users/mac/.m2/repository/xpp3/xpp3_min/1.1.4c/xpp3_min-1.1.4c.jar:/Users/mac/.m2/repository/org/apache/httpcomponents/httpmime/4.2/httpmime-4.2.jar:/Users/mac/.m2/repository/dom4j/dom4j/1.6.1/dom4j-1.6.1.jar:/Users/mac/.m2/repository/xml-apis/xml-apis/1.0.b2/xml-apis-1.0.b2.jar:/Users/mac/.m2/repository/org/apache/poi/poi-ooxml/3.16/poi-ooxml-3.16.jar:/Users/mac/.m2/repository/org/apache/poi/poi/3.16/poi-3.16.jar:/Users/mac/.m2/repository/org/apache/commons/commons-collections4/4.1/commons-collections4-4.1.jar:/Users/mac/.m2/repository/org/apache/poi/poi-ooxml-schemas/3.16/poi-ooxml-schemas-3.16.jar:/Users/mac/.m2/repository/org/apache/xmlbeans/xmlbeans/2.6.0/xmlbeans-2.6.0.jar:/Users/mac/.m2/repository/stax/stax-api/1.0.1/stax-api-1.0.1.jar:/Users/mac/.m2/repository/com/github/virtuald/curvesapi/1.04/curvesapi-1.04.jar:/Users/mac/.m2/repository/com/alibaba/fastjson/1.2.13/fastjson-1.2.13.jar:/Users/mac/.m2/repository/org/mybatis/mybatis/3.1.1/mybatis-3.1.1.jar:/Users/mac/.m2/repository/mysql/mysql-connector-java/5.1.9/mysql-connector-java-5.1.9.jar:"/>
    <property name="java.vm.specification.version" value="1.8"/>
    <property name="sun.arch.data.model" value="64"/>
    <property name="java.home" value="/Library/Java/JavaVirtualMachines/jdk1.8.0_144.jdk/Contents/Home/jre"/>
    <property name="sun.java.command" value="/var/folders/vs/hx2c32113953qyq53846lf580000gn/T/surefirebooter763160934657720302.jar /var/folders/vs/hx2c32113953qyq53846lf580000gn/T/surefire8710283027958117762tmp /var/folders/vs/hx2c32113953qyq53846lf580000gn/T/surefire5956591039959110230tmp"/>
    <property name="java.specification.vendor" value="Oracle Corporation"/>
    <property name="user.language" value="zh"/>
    <property name="awt.toolkit" value="sun.lwawt.macosx.LWCToolkit"/>
    <property name="java.vm.info" value="mixed mode"/>
    <property name="java.version" value="1.8.0_144"/>
    <property name="java.ext.dirs" value="/Users/mac/Library/Java/Extensions:/Library/Java/JavaVirtualMachines/jdk1.8.0_144.jdk/Contents/Home/jre/lib/ext:/Library/Java/Extensions:/Network/Library/Java/Extensions:/System/Library/Java/Extensions:/usr/lib/java"/>
    <property name="sun.boot.class.path" value="/Library/Java/JavaVirtualMachines/jdk1.8.0_144.jdk/Contents/Home/jre/lib/resources.jar:/Library/Java/JavaVirtualMachines/jdk1.8.0_144.jdk/Contents/Home/jre/lib/rt.jar:/Library/Java/JavaVirtualMachines/jdk1.8.0_144.jdk/Contents/Home/jre/lib/sunrsasign.jar:/Library/Java/JavaVirtualMachines/jdk1.8.0_144.jdk/Contents/Home/jre/lib/jsse.jar:/Library/Java/JavaVirtualMachines/jdk1.8.0_144.jdk/Contents/Home/jre/lib/jce.jar:/Library/Java/JavaVirtualMachines/jdk1.8.0_144.jdk/Contents/Home/jre/lib/charsets.jar:/Library/Java/JavaVirtualMachines/jdk1.8.0_144.jdk/Contents/Home/jre/lib/jfr.jar:/Library/Java/JavaVirtualMachines/jdk1.8.0_144.jdk/Contents/Home/jre/classes"/>
    <property name="java.vendor" value="Oracle Corporation"/>
    <property name="localRepository" value="/Users/mac/.m2/repository"/>
    <property name="file.separator" value="/"/>
    <property name="java.vendor.url.bug" value="http://bugreport.sun.com/bugreport/"/>
    <property name="envName" value="api-config.xml"/>
    <property name="sun.cpu.endian" value="little"/>
    <property name="sun.io.unicode.encoding" value="UnicodeBig"/>
    <property name="socksNonProxyHosts" value="local|*.local|169.254/16|*.169.254/16"/>
    <property name="ftp.nonProxyHosts" value="local|*.local|169.254/16|*.169.254/16"/>
    <property name="sun.cpu.isalist" value=""/>
  </properties>
  <testcase classname="test.com.sen.api.ApiTest" name="apiTest" time="0.208"/>
  <testcase classname="test.com.sen.api.ApiTest" name="apiTest" time="0.022"/>
  <testcase classname="test.com.sen.api.ApiTest" name="apiTest" time="0.024"/>
  <testcase classname="test.com.sen.api.ApiTest" name="apiTest" time="0.015"/>
  <testcase classname="test.com.sen.api.ApiTest" name="apiTest" time="0.012"/>
  <testcase classname="test.com.sen.api.ApiTest" name="apiTest" time="0.01"/>
  <testcase classname="test.com.sen.api.ApiTest" name="apiTest" time="0.012"/>
  <testcase classname="test.com.sen.api.ApiTest" name="apiTest" time="0.013"/>
  <testcase classname="test.com.sen.api.ApiTest" name="apiTest" time="0.02"/>
  <testcase classname="test.com.sen.api.ApiTest" name="apiTest" time="0.09"/>
</testsuite>